TN:
SF:server.js
FN:44,(anonymous_0)
FN:49,(anonymous_1)
FN:69,(anonymous_2)
FN:123,(anonymous_3)
FNF:4
FNH:2
FNDA:0,(anonymous_0)
FNDA:2,(anonymous_1)
FNDA:2,(anonymous_2)
FNDA:0,(anonymous_3)
DA:12,2
DA:15,2
DA:16,2
DA:19,2
DA:27,2
DA:29,2
DA:30,2
DA:39,2
DA:40,2
DA:41,2
DA:42,2
DA:44,2
DA:45,0
DA:49,2
DA:51,2
DA:52,2
DA:53,2
DA:54,2
DA:56,0
DA:60,2
DA:62,2
DA:69,2
DA:70,2
DA:71,2
DA:72,2
DA:74,2
DA:75,2
DA:76,2
DA:77,0
DA:80,2
DA:81,0
DA:85,0
DA:86,0
DA:91,2
DA:92,2
DA:94,2
DA:95,2
DA:97,2
DA:98,2
DA:100,2
DA:101,2
DA:102,2
DA:105,2
DA:106,2
DA:109,2
DA:122,2
DA:123,2
DA:124,0
DA:125,0
DA:128,0
DA:129,0
LF:51
LH:41
BRDA:64,0,0,2
BRDA:64,0,1,0
BRDA:80,1,0,0
BRDA:80,1,1,2
BRDA:91,2,0,2
BRDA:91,2,1,2
BRF:6
BRH:4
end_of_record
TN:
SF:controllers\chatController.js
FN:8,(anonymous_0)
FN:20,(anonymous_1)
FN:23,(anonymous_2)
FN:50,(anonymous_3)
FN:52,(anonymous_4)
FN:63,(anonymous_5)
FN:80,(anonymous_6)
FN:102,(anonymous_7)
FN:137,(anonymous_8)
FN:167,(anonymous_9)
FN:208,(anonymous_10)
FN:290,(anonymous_11)
FN:307,(anonymous_12)
FN:337,(anonymous_13)
FNF:14
FNH:0
FNDA:0,(anonymous_0)
FNDA:0,(anonymous_1)
FNDA:0,(anonymous_2)
FNDA:0,(anonymous_3)
FNDA:0,(anonymous_4)
FNDA:0,(anonymous_5)
FNDA:0,(anonymous_6)
FNDA:0,(anonymous_7)
FNDA:0,(anonymous_8)
FNDA:0,(anonymous_9)
FNDA:0,(anonymous_10)
FNDA:0,(anonymous_11)
FNDA:0,(anonymous_12)
FNDA:0,(anonymous_13)
DA:8,2
DA:9,0
DA:10,0
DA:13,0
DA:19,0
DA:22,0
DA:23,0
DA:26,0
DA:27,0
DA:31,0
DA:33,0
DA:49,0
DA:50,0
DA:52,0
DA:55,0
DA:57,0
DA:58,0
DA:63,2
DA:64,0
DA:65,0
DA:66,0
DA:69,0
DA:70,0
DA:71,0
DA:75,0
DA:80,0
DA:92,0
DA:94,0
DA:96,0
DA:97,0
DA:102,2
DA:103,0
DA:104,0
DA:105,0
DA:106,0
DA:108,0
DA:109,0
DA:113,0
DA:114,0
DA:115,0
DA:119,0
DA:127,0
DA:130,0
DA:137,0
DA:138,0
DA:140,0
DA:141,0
DA:145,0
DA:148,0
DA:159,0
DA:161,0
DA:162,0
DA:167,2
DA:168,0
DA:169,0
DA:170,0
DA:173,0
DA:174,0
DA:175,0
DA:179,0
DA:197,0
DA:198,0
DA:200,0
DA:202,0
DA:203,0
DA:208,2
DA:209,0
DA:210,0
DA:211,0
DA:213,0
DA:214,0
DA:218,0
DA:219,0
DA:220,0
DA:224,0
DA:230,0
DA:231,0
DA:237,0
DA:241,0
DA:243,0
DA:244,0
DA:260,0
DA:265,0
DA:268,0
DA:270,0
DA:282,0
DA:284,0
DA:285,0
DA:290,2
DA:291,0
DA:292,0
DA:293,0
DA:296,0
DA:301,0
DA:302,0
DA:306,0
DA:307,0
DA:310,0
DA:311,0
DA:315,0
DA:317,0
DA:329,0
DA:331,0
DA:332,0
DA:337,2
DA:338,0
DA:339,0
DA:340,0
DA:343,0
DA:344,0
DA:345,0
DA:349,0
DA:350,0
DA:352,0
DA:354,0
DA:355,0
LF:116
LH:7
BRDA:26,0,0,0
BRDA:26,0,1,0
BRDA:37,1,0,0
BRDA:37,1,1,0
BRDA:38,2,0,0
BRDA:38,2,1,0
BRDA:39,3,0,0
BRDA:39,3,1,0
BRDA:40,4,0,0
BRDA:40,4,1,0
BRDA:43,5,0,0
BRDA:43,5,1,0
BRDA:70,6,0,0
BRDA:70,6,1,0
BRDA:105,7,0,0
BRDA:108,8,0,0
BRDA:108,8,1,0
BRDA:108,9,0,0
BRDA:108,9,1,0
BRDA:114,10,0,0
BRDA:114,10,1,0
BRDA:138,11,0,0
BRDA:138,11,1,0
BRDA:140,12,0,0
BRDA:140,12,1,0
BRDA:174,13,0,0
BRDA:174,13,1,0
BRDA:213,14,0,0
BRDA:213,14,1,0
BRDA:219,15,0,0
BRDA:219,15,1,0
BRDA:230,16,0,0
BRDA:230,16,1,0
BRDA:241,17,0,0
BRDA:241,17,1,0
BRDA:248,18,0,0
BRDA:248,18,1,0
BRDA:249,19,0,0
BRDA:249,19,1,0
BRDA:251,20,0,0
BRDA:251,20,1,0
BRDA:252,21,0,0
BRDA:252,21,1,0
BRDA:255,22,0,0
BRDA:255,22,1,0
BRDA:274,23,0,0
BRDA:274,23,1,0
BRDA:275,24,0,0
BRDA:275,24,1,0
BRDA:301,25,0,0
BRDA:301,25,1,0
BRDA:310,26,0,0
BRDA:310,26,1,0
BRDA:321,27,0,0
BRDA:321,27,1,0
BRDA:322,28,0,0
BRDA:322,28,1,0
BRDA:323,29,0,0
BRDA:323,29,1,0
BRDA:324,30,0,0
BRDA:324,30,1,0
BRDA:326,31,0,0
BRDA:326,31,1,0
BRDA:344,32,0,0
BRDA:344,32,1,0
BRF:65
BRH:0
end_of_record
TN:
SF:controllers\matchController.js
FN:8,(anonymous_0)
FN:26,(anonymous_1)
FN:58,(anonymous_2)
FN:89,(anonymous_3)
FN:166,(anonymous_4)
FN:208,(anonymous_5)
FN:240,(anonymous_6)
FN:278,(anonymous_7)
FN:297,(anonymous_8)
FN:330,(anonymous_9)
FN:349,(anonymous_10)
FNF:11
FNH:0
FNDA:0,(anonymous_0)
FNDA:0,(anonymous_1)
FNDA:0,(anonymous_2)
FNDA:0,(anonymous_3)
FNDA:0,(anonymous_4)
FNDA:0,(anonymous_5)
FNDA:0,(anonymous_6)
FNDA:0,(anonymous_7)
FNDA:0,(anonymous_8)
FNDA:0,(anonymous_9)
FNDA:0,(anonymous_10)
DA:8,2
DA:9,0
DA:10,0
DA:13,0
DA:14,0
DA:15,0
DA:22,0
DA:26,0
DA:27,0
DA:31,0
DA:34,0
DA:44,0
DA:48,0
DA:52,0
DA:58,0
DA:72,0
DA:78,0
DA:79,0
DA:89,2
DA:90,0
DA:91,0
DA:92,0
DA:95,0
DA:100,0
DA:101,0
DA:108,0
DA:113,0
DA:114,0
DA:121,0
DA:126,0
DA:129,0
DA:134,0
DA:135,0
DA:137,0
DA:141,0
DA:145,0
DA:148,0
DA:155,0
DA:156,0
DA:166,2
DA:167,0
DA:168,0
DA:169,0
DA:172,0
DA:177,0
DA:178,0
DA:185,0
DA:186,0
DA:192,0
DA:197,0
DA:198,0
DA:208,2
DA:209,0
DA:210,0
DA:213,0
DA:240,0
DA:241,0
DA:242,0
DA:244,0
DA:261,0
DA:267,0
DA:268,0
DA:278,2
DA:279,0
DA:280,0
DA:283,0
DA:297,0
DA:313,0
DA:319,0
DA:320,0
DA:330,2
DA:331,0
DA:332,0
DA:335,0
DA:349,0
DA:365,0
DA:371,0
DA:372,0
LF:78
LH:6
BRDA:14,0,0,0
BRDA:14,0,1,0
BRDA:27,1,0,0
BRDA:27,1,1,0
BRDA:44,2,0,0
BRDA:44,2,1,0
BRDA:45,3,0,0
BRDA:45,3,1,0
BRDA:100,4,0,0
BRDA:100,4,1,0
BRDA:113,5,0,0
BRDA:113,5,1,0
BRDA:135,6,0,0
BRDA:135,6,1,0
BRDA:150,7,0,0
BRDA:150,7,1,0
BRDA:152,8,0,0
BRDA:152,8,1,0
BRDA:177,9,0,0
BRDA:177,9,1,0
BRDA:185,10,0,0
BRDA:185,10,1,0
BRDA:242,11,0,0
BRDA:242,11,1,0
BRDA:253,12,0,0
BRDA:253,12,1,0
BRDA:256,13,0,0
BRDA:256,13,1,0
BRDA:306,14,0,0
BRDA:306,14,1,0
BRDA:309,15,0,0
BRDA:309,15,1,0
BRDA:358,16,0,0
BRDA:358,16,1,0
BRDA:361,17,0,0
BRDA:361,17,1,0
BRF:36
BRH:0
end_of_record
TN:
SF:controllers\profileController.js
FN:7,(anonymous_0)
FN:29,(anonymous_1)
FN:56,(anonymous_2)
FN:123,(anonymous_3)
FN:201,(anonymous_4)
FN:218,(anonymous_5)
FN:281,(anonymous_6)
FNF:7
FNH:0
FNDA:0,(anonymous_0)
FNDA:0,(anonymous_1)
FNDA:0,(anonymous_2)
FNDA:0,(anonymous_3)
FNDA:0,(anonymous_4)
FNDA:0,(anonymous_5)
FNDA:0,(anonymous_6)
DA:7,2
DA:8,0
DA:9,0
DA:13,0
DA:14,0
DA:19,0
DA:21,0
DA:22,0
DA:29,2
DA:30,0
DA:31,0
DA:32,0
DA:39,0
DA:40,0
DA:45,0
DA:46,0
DA:56,2
DA:57,0
DA:68,0
DA:71,0
DA:81,0
DA:88,0
DA:89,0
DA:90,0
DA:91,0
DA:92,0
DA:94,0
DA:98,0
DA:99,0
DA:105,0
DA:106,0
DA:109,0
DA:117,0
DA:120,0
DA:121,0
DA:122,0
DA:123,0
DA:128,0
DA:130,0
DA:131,0
DA:138,0
DA:141,0
DA:157,0
DA:159,0
DA:161,0
DA:168,0
DA:169,0
DA:173,0
DA:175,0
DA:181,0
DA:182,0
DA:183,0
DA:184,0
DA:190,0
DA:201,2
DA:202,0
DA:203,0
DA:204,0
DA:218,0
DA:219,0
DA:220,0
DA:224,0
DA:225,0
DA:227,0
DA:233,0
DA:239,0
DA:240,0
DA:244,0
DA:250,0
DA:251,0
DA:257,0
DA:263,0
DA:264,0
DA:265,0
DA:271,0
DA:281,2
DA:282,0
DA:283,0
DA:284,0
DA:290,0
DA:293,0
DA:299,0
DA:300,0
DA:306,0
DA:312,0
DA:313,0
LF:86
LH:5
BRDA:13,0,0,0
BRDA:13,0,1,0
BRDA:31,1,0,0
BRDA:31,1,1,0
BRDA:71,2,0,0
BRDA:71,2,1,0
BRDA:72,3,0,0
BRDA:72,3,1,0
BRDA:72,3,2,0
BRDA:72,3,3,0
BRDA:72,3,4,0
BRDA:72,3,5,0
BRDA:72,3,6,0
BRDA:72,3,7,0
BRDA:93,4,0,0
BRDA:93,4,1,0
BRDA:95,5,0,0
BRDA:95,5,1,0
BRDA:98,6,0,0
BRDA:98,6,1,0
BRDA:100,7,0,0
BRDA:100,7,1,0
BRDA:105,8,0,0
BRDA:105,8,1,0
BRDA:105,9,0,0
BRDA:105,9,1,0
BRDA:120,10,0,0
BRDA:120,10,1,0
BRDA:121,11,0,0
BRDA:121,11,1,0
BRDA:130,12,0,0
BRDA:130,12,1,0
BRDA:159,13,0,0
BRDA:159,13,1,0
BRDA:183,14,0,0
BRDA:183,14,1,0
BRDA:219,15,0,0
BRDA:219,15,1,0
BRDA:220,16,0,0
BRDA:220,16,1,0
BRDA:221,17,0,0
BRDA:221,17,1,0
BRDA:239,18,0,0
BRDA:239,18,1,0
BRDA:250,19,0,0
BRDA:250,19,1,0
BRDA:264,20,0,0
BRDA:264,20,1,0
BRDA:283,21,0,0
BRDA:283,21,1,0
BRDA:299,22,0,0
BRDA:299,22,1,0
BRF:52
BRH:0
end_of_record
TN:
SF:controllers\userController.js
FN:6,(anonymous_0)
FN:23,(anonymous_1)
FN:71,(anonymous_2)
FN:143,(anonymous_3)
FN:158,(anonymous_4)
FN:176,(anonymous_5)
FN:199,(anonymous_6)
FN:214,(anonymous_7)
FN:237,(anonymous_8)
FN:257,(anonymous_9)
FN:279,(anonymous_10)
FNF:11
FNH:0
FNDA:0,(anonymous_0)
FNDA:0,(anonymous_1)
FNDA:0,(anonymous_2)
FNDA:0,(anonymous_3)
FNDA:0,(anonymous_4)
FNDA:0,(anonymous_5)
FNDA:0,(anonymous_6)
FNDA:0,(anonymous_7)
FNDA:0,(anonymous_8)
FNDA:0,(anonymous_9)
FNDA:0,(anonymous_10)
DA:6,2
DA:7,0
DA:23,2
DA:24,0
DA:26,0
DA:28,0
DA:29,0
DA:30,0
DA:37,0
DA:40,0
DA:49,0
DA:52,0
DA:55,0
DA:67,0
DA:71,2
DA:72,0
DA:77,0
DA:80,0
DA:81,0
DA:82,0
DA:89,0
DA:90,0
DA:91,0
DA:93,0
DA:94,0
DA:95,0
DA:101,0
DA:102,0
DA:104,0
DA:105,0
DA:106,0
DA:112,0
DA:113,0
DA:115,0
DA:124,0
DA:125,0
DA:131,0
DA:132,0
DA:143,2
DA:144,0
DA:145,0
DA:146,0
DA:147,0
DA:149,0
DA:151,0
DA:158,2
DA:159,0
DA:160,0
DA:161,0
DA:163,0
DA:164,0
DA:167,0
DA:169,0
DA:176,2
DA:177,0
DA:178,0
DA:179,0
DA:180,0
DA:181,0
DA:184,0
DA:187,0
DA:188,0
DA:190,0
DA:192,0
DA:199,2
DA:200,0
DA:201,0
DA:202,0
DA:205,0
DA:207,0
DA:214,2
DA:215,0
DA:216,0
DA:218,0
DA:220,0
DA:222,0
DA:223,0
DA:224,0
DA:225,0
DA:226,0
DA:227,0
DA:230,0
DA:231,0
DA:237,2
DA:238,0
DA:239,0
DA:240,0
DA:243,0
DA:245,0
DA:249,0
DA:250,0
DA:257,2
DA:258,0
DA:259,0
DA:260,0
DA:263,0
DA:265,0
DA:269,0
DA:270,0
DA:279,2
DA:280,0
DA:281,0
DA:283,0
DA:284,0
DA:286,0
DA:291,0
DA:292,0
DA:295,0
DA:297,0
DA:298,0
LF:110
LH:11
BRDA:13,0,0,0
BRDA:13,0,1,0
BRDA:29,1,0,0
BRDA:29,1,1,0
BRDA:44,2,0,0
BRDA:44,2,1,0
BRDA:45,3,0,0
BRDA:45,3,1,0
BRDA:62,4,0,0
BRDA:62,4,1,0
BRDA:80,5,0,0
BRDA:80,5,1,0
BRDA:80,6,0,0
BRDA:80,6,1,0
BRDA:93,7,0,0
BRDA:93,7,1,0
BRDA:104,8,0,0
BRDA:104,8,1,0
BRDA:119,9,0,0
BRDA:119,9,1,0
BRDA:120,10,0,0
BRDA:120,10,1,0
BRDA:121,11,0,0
BRDA:121,11,1,0
BRDA:146,12,0,0
BRDA:146,12,1,0
BRDA:159,13,0,0
BRDA:159,13,1,0
BRDA:163,14,0,0
BRDA:163,14,1,0
BRDA:180,15,0,0
BRDA:180,15,1,0
BRDA:187,16,0,0
BRDA:187,16,1,0
BRDA:218,17,0,0
BRDA:218,17,1,0
BRDA:222,18,0,0
BRDA:222,18,1,0
BRDA:222,19,0,0
BRDA:222,19,1,0
BRDA:225,20,0,0
BRDA:225,20,1,0
BRDA:225,21,0,0
BRDA:225,21,1,0
BRDA:239,22,0,0
BRDA:239,22,1,0
BRDA:259,23,0,0
BRDA:259,23,1,0
BRDA:283,24,0,0
BRDA:283,24,1,0
BRDA:291,25,0,0
BRDA:291,25,1,0
BRF:52
BRH:0
end_of_record
TN:
SF:middleware\auth.js
FN:8,(anonymous_0)
FN:44,(anonymous_1)
FN:56,(anonymous_2)
FNF:3
FNH:0
FNDA:0,(anonymous_0)
FNDA:0,(anonymous_1)
FNDA:0,(anonymous_2)
DA:8,3
DA:9,0
DA:10,0
DA:13,0
DA:15,0
DA:17,0
DA:19,0
DA:20,0
DA:26,0
DA:27,0
DA:33,0
DA:41,3
DA:44,3
DA:45,0
DA:46,0
DA:48,0
DA:56,3
DA:57,0
DA:58,0
DA:60,0
LF:20
LH:4
BRDA:19,0,0,0
BRDA:19,0,1,0
BRDA:26,1,0,0
BRDA:26,1,1,0
BRDA:45,2,0,0
BRDA:45,2,1,0
BRDA:45,3,0,0
BRDA:45,3,1,0
BRDA:57,4,0,0
BRDA:57,4,1,0
BRDA:57,5,0,0
BRDA:57,5,1,0
BRF:12
BRH:0
end_of_record
TN:
SF:models\Chat.js
FN:59,(anonymous_0)
FN:62,(anonymous_1)
FNF:2
FNH:0
FNDA:0,(anonymous_0)
FNDA:0,(anonymous_1)
DA:3,2
DA:59,2
DA:60,0
DA:61,0
DA:62,0
DA:64,0
DA:66,0
DA:70,2
DA:71,2
DA:72,2
DA:74,2
LF:11
LH:6
BRDA:60,0,0,0
BRDA:60,0,1,0
BRF:2
BRH:0
end_of_record
TN:
SF:models\Match.js
FNF:0
FNH:0
DA:3,2
DA:43,2
DA:44,2
DA:45,2
DA:47,2
LF:5
LH:5
BRF:0
BRH:0
end_of_record
TN:
SF:models\Message.js
FN:66,(anonymous_0)
FNF:1
FNH:0
FNDA:0,(anonymous_0)
DA:3,2
DA:66,2
DA:67,0
DA:68,0
DA:72,0
DA:76,2
DA:77,2
DA:78,2
DA:80,2
LF:9
LH:6
BRDA:67,0,0,0
BRDA:67,0,1,0
BRF:2
BRH:0
end_of_record
TN:
SF:models\Profile.js
FN:30,(anonymous_0)
FN:61,(anonymous_1)
FNF:2
FNH:0
FNDA:0,(anonymous_0)
FNDA:0,(anonymous_1)
DA:3,2
DA:31,0
DA:62,0
DA:106,2
LF:4
LH:2
BRDA:31,0,0,0
BRDA:31,0,1,0
BRDA:62,1,0,0
BRDA:62,1,1,0
BRF:4
BRH:0
end_of_record
TN:
SF:models\user.js
FNF:0
FNH:0
DA:3,3
LF:1
LH:1
BRF:0
BRH:0
end_of_record
TN:
SF:routes\chatRoutes.js
FNF:0
FNH:0
DA:13,2
DA:16,2
DA:19,2
DA:22,2
DA:25,2
DA:28,2
DA:31,2
DA:34,2
DA:37,2
LF:9
LH:9
BRF:0
BRH:0
end_of_record
TN:
SF:routes\matchRoutes.js
FNF:0
FNH:0
DA:12,2
DA:15,2
DA:18,2
DA:21,2
DA:24,2
DA:27,2
DA:30,2
DA:33,2
LF:8
LH:8
BRF:0
BRH:0
end_of_record
TN:
SF:routes\profileRoutes.js
FN:17,(anonymous_0)
FN:20,(anonymous_1)
FN:31,(anonymous_2)
FNF:3
FNH:0
FNDA:0,(anonymous_0)
FNDA:0,(anonymous_1)
FNDA:0,(anonymous_2)
DA:13,2
DA:16,2
DA:18,0
DA:21,0
DA:22,0
DA:26,2
DA:32,0
DA:33,0
DA:34,0
DA:35,0
DA:36,0
DA:38,0
DA:42,2
DA:43,2
DA:44,2
DA:45,2
LF:16
LH:7
BRDA:33,0,0,0
BRDA:33,0,1,0
BRF:2
BRH:0
end_of_record
TN:
SF:routes\userRoutes.js
FNF:0
FNH:0
DA:15,2
DA:18,2
DA:19,2
DA:22,2
DA:23,2
DA:26,2
DA:31,2
DA:32,2
DA:35,2
LF:9
LH:9
BRF:0
BRH:0
end_of_record
TN:
SF:socket\socketServer.js
FN:8,(anonymous_0)
FN:24,(anonymous_1)
FN:29,(anonymous_2)
FN:30,(anonymous_3)
FN:44,(anonymous_4)
FN:61,(anonymous_5)
FN:67,(anonymous_6)
FN:76,(anonymous_7)
FN:86,(anonymous_8)
FN:120,(anonymous_9)
FN:167,(anonymous_10)
FN:211,(anonymous_11)
FN:225,(anonymous_12)
FN:229,(anonymous_13)
FN:234,(anonymous_14)
FN:242,(anonymous_15)
FNF:16
FNH:0
FNDA:0,(anonymous_0)
FNDA:0,(anonymous_1)
FNDA:0,(anonymous_2)
FNDA:0,(anonymous_3)
FNDA:0,(anonymous_4)
FNDA:0,(anonymous_5)
FNDA:0,(anonymous_6)
FNDA:0,(anonymous_7)
FNDA:0,(anonymous_8)
FNDA:0,(anonymous_9)
FNDA:0,(anonymous_10)
FNDA:0,(anonymous_11)
FNDA:0,(anonymous_12)
FNDA:0,(anonymous_13)
FNDA:0,(anonymous_14)
FNDA:0,(anonymous_15)
DA:9,0
DA:17,0
DA:18,0
DA:20,0
DA:21,0
DA:26,0
DA:30,0
DA:31,0
DA:34,0
DA:35,0
DA:38,0
DA:41,0
DA:44,0
DA:45,0
DA:46,0
DA:51,0
DA:52,0
DA:53,0
DA:56,0
DA:61,0
DA:62,0
DA:63,0
DA:67,0
DA:68,0
DA:69,0
DA:76,0
DA:77,0
DA:78,0
DA:86,0
DA:87,0
DA:88,0
DA:91,0
DA:96,0
DA:97,0
DA:98,0
DA:102,0
DA:110,0
DA:113,0
DA:120,0
DA:121,0
DA:123,0
DA:124,0
DA:128,0
DA:131,0
DA:143,0
DA:146,0
DA:152,0
DA:159,0
DA:161,0
DA:162,0
DA:167,0
DA:168,0
DA:169,0
DA:172,0
DA:190,0
DA:194,0
DA:195,0
DA:196,0
DA:199,0
DA:206,0
DA:211,0
DA:212,0
DA:215,0
DA:216,0
DA:219,0
DA:226,0
DA:230,0
DA:235,0
DA:236,0
DA:237,0
DA:243,0
LF:71
LH:0
BRDA:51,0,0,0
BRDA:51,0,1,0
BRDA:88,1,0,0
BRDA:96,2,0,0
BRDA:96,2,1,0
BRDA:121,3,0,0
BRDA:121,3,1,0
BRDA:123,4,0,0
BRDA:123,4,1,0
BRDA:156,5,0,0
BRDA:156,5,1,0
BRDA:194,6,0,0
BRDA:194,6,1,0
BRDA:236,7,0,0
BRDA:236,7,1,0
BRF:15
BRH:0
end_of_record
TN:
SF:utils\authUtils.js
FN:10,(anonymous_0)
FN:37,(anonymous_1)
FN:57,(anonymous_2)
FN:73,(anonymous_3)
FNF:4
FNH:0
FNDA:0,(anonymous_0)
FNDA:0,(anonymous_1)
FNDA:0,(anonymous_2)
FNDA:0,(anonymous_3)
DA:10,3
DA:11,0
DA:12,0
DA:15,0
DA:16,0
DA:17,0
DA:19,0
DA:20,0
DA:23,0
DA:28,0
DA:37,3
DA:39,0
DA:40,0
DA:41,0
DA:42,0
DA:47,0
DA:48,0
DA:51,0
DA:57,3
DA:58,0
DA:59,0
DA:60,0
DA:62,0
DA:63,0
DA:64,0
DA:66,0
DA:73,3
DA:74,0
DA:75,0
DA:76,0
DA:78,0
DA:79,0
DA:80,0
DA:82,0
LF:34
LH:4
BRDA:11,0,0,0
BRDA:11,0,1,0
BRDA:19,1,0,0
BRDA:19,1,1,0
BRDA:39,2,0,0
BRDA:39,2,1,0
BRDA:41,3,0,0
BRDA:41,3,1,0
BRDA:41,4,0,0
BRDA:41,4,1,0
BRDA:47,5,0,0
BRDA:47,5,1,0
BRDA:47,6,0,0
BRDA:47,6,1,0
BRF:14
BRH:0
end_of_record
